# JRE version: Java(TM) SE Runtime Environment (8.0_261-b12) (build 1.8.0_261-b12)
# Java VM: Java HotSpot(TM) 64-Bit Server VM (25.261-b12 mixed mode windows-amd64 compressed oops)
Heap:
 PSYoungGen      total 111616K, used 34432K [0x00000000eee00000, 0x00000000f7600000, 0x0000000100000000)
  eden space 103424K, 33% used [0x00000000eee00000,0x00000000f0fa01d0,0x00000000f5300000)
  from space 8192K, 0% used [0x00000000f5300000,0x00000000f5300000,0x00000000f5b00000)
  to   space 8704K, 0% used [0x00000000f6d80000,0x00000000f6d80000,0x00000000f7600000)
 ParOldGen       total 51200K, used 14703K [0x00000000cca00000, 0x00000000cfc00000, 0x00000000eee00000)
  object space 51200K, 28% used [0x00000000cca00000,0x00000000cd85bd48,0x00000000cfc00000)
 Metaspace       used 33905K, capacity 36151K, committed 36392K, reserved 1081344K
  class space    used 4395K, capacity 4802K, committed 4904K, reserved 1048576K
GC Heap History (10 events):
Event: 3.737 GC heap before
{Heap before GC invocations=7 (full 1):
 PSYoungGen      total 55296K, used 53248K [0x00000000eee00000, 0x00000000f6600000, 0x0000000100000000)
  eden space 53248K, 100% used [0x00000000eee00000,0x00000000f2200000,0x00000000f2200000)
  from space 2048K, 0% used [0x00000000f2200000,0x00000000f2200000,0x00000000f2400000)
  to   space 8192K, 0% used [0x00000000f5e00000,0x00000000f5e00000,0x00000000f6600000)
 ParOldGen       total 35328K, used 8910K [0x00000000cca00000, 0x00000000cec80000, 0x00000000eee00000)
  object space 35328K, 25% used [0x00000000cca00000,0x00000000cd2b3910,0x00000000cec80000)
 Metaspace       used 23665K, capacity 25086K, committed 25136K, reserved 1071104K
  class space    used 3065K, capacity 3345K, committed 3376K, reserved 1048576K
Event: 3.744 GC heap after
Heap after GC invocations=7 (full 1):
 PSYoungGen      total 85504K, used 5085K [0x00000000eee00000, 0x00000000f6300000, 0x0000000100000000)
  eden space 80384K, 0% used [0x00000000eee00000,0x00000000eee00000,0x00000000f3c80000)
  from space 5120K, 99% used [0x00000000f5e00000,0x00000000f62f7628,0x00000000f6300000)
  to   space 8192K, 0% used [0x00000000f5300000,0x00000000f5300000,0x00000000f5b00000)
 ParOldGen       total 35328K, used 8918K [0x00000000cca00000, 0x00000000cec80000, 0x00000000eee00000)
  object space 35328K, 25% used [0x00000000cca00000,0x00000000cd2b5910,0x00000000cec80000)
 Metaspace       used 23665K, capacity 25086K, committed 25136K, reserved 1071104K
  class space    used 3065K, capacity 3345K, committed 3376K, reserved 1048576K
}
Event: 4.876 GC heap before
{Heap before GC invocations=8 (full 1):
 PSYoungGen      total 85504K, used 85469K [0x00000000eee00000, 0x00000000f6300000, 0x0000000100000000)
  eden space 80384K, 100% used [0x00000000eee00000,0x00000000f3c80000,0x00000000f3c80000)
  from space 5120K, 99% used [0x00000000f5e00000,0x00000000f62f7628,0x00000000f6300000)
  to   space 8192K, 0% used [0x00000000f5300000,0x00000000f5300000,0x00000000f5b00000)
 ParOldGen       total 35328K, used 8918K [0x00000000cca00000, 0x00000000cec80000, 0x00000000eee00000)
  object space 35328K, 25% used [0x00000000cca00000,0x00000000cd2b5910,0x00000000cec80000)
 Metaspace       used 25836K, capacity 27462K, committed 27824K, reserved 1073152K
  class space    used 3336K, capacity 3639K, committed 3760K, reserved 1048576K
Event: 4.890 GC heap after
Heap after GC invocations=8 (full 1):
 PSYoungGen      total 111616K, used 7338K [0x00000000eee00000, 0x00000000f7600000, 0x0000000100000000)
  eden space 103424K, 0% used [0x00000000eee00000,0x00000000eee00000,0x00000000f5300000)
  from space 8192K, 89% used [0x00000000f5300000,0x00000000f5a2aa50,0x00000000f5b00000)
  to   space 8704K, 0% used [0x00000000f6d80000,0x00000000f6d80000,0x00000000f7600000)
 ParOldGen       total 35328K, used 8926K [0x00000000cca00000, 0x00000000cec80000, 0x00000000eee00000)
  object space 35328K, 25% used [0x00000000cca00000,0x00000000cd2b7910,0x00000000cec80000)
 Metaspace       used 25836K, capacity 27462K, committed 27824K, reserved 1073152K
  class space    used 3336K, capacity 3639K, committed 3760K, reserved 1048576K
}
Event: 6.259 GC heap before
{Heap before GC invocations=9 (full 1):
 PSYoungGen      total 111616K, used 110762K [0x00000000eee00000, 0x00000000f7600000, 0x0000000100000000)
  eden space 103424K, 100% used [0x00000000eee00000,0x00000000f5300000,0x00000000f5300000)
  from space 8192K, 89% used [0x00000000f5300000,0x00000000f5a2aa50,0x00000000f5b00000)
  to   space 8704K, 0% used [0x00000000f6d80000,0x00000000f6d80000,0x00000000f7600000)
 ParOldGen       total 35328K, used 8926K [0x00000000cca00000, 0x00000000cec80000, 0x00000000eee00000)
  object space 35328K, 25% used [0x00000000cca00000,0x00000000cd2b7910,0x00000000cec80000)
 Metaspace       used 31003K, capacity 32802K, committed 33072K, reserved 1077248K
  class space    used 4003K, capacity 4331K, committed 4400K, reserved 1048576K
Event: 6.280 GC heap after
Heap after GC invocations=9 (full 1):
 PSYoungGen      total 112128K, used 8703K [0x00000000eee00000, 0x00000000f7600000, 0x0000000100000000)
  eden space 103424K, 0% used [0x00000000eee00000,0x00000000eee00000,0x00000000f5300000)
  from space 8704K, 99% used [0x00000000f6d80000,0x00000000f75fff30,0x00000000f7600000)
  to   space 8192K, 0% used [0x00000000f5300000,0x00000000f5300000,0x00000000f5b00000)
 ParOldGen       total 35328K, used 11420K [0x00000000cca00000, 0x00000000cec80000, 0x00000000eee00000)
  object space 35328K, 32% used [0x00000000cca00000,0x00000000cd5271f8,0x00000000cec80000)
 Metaspace       used 31003K, capacity 32802K, committed 33072K, reserved 1077248K
  class space    used 4003K, capacity 4331K, committed 4400K, reserved 1048576K
}
Event: 7.340 GC heap before
{Heap before GC invocations=10 (full 1):
 PSYoungGen      total 112128K, used 102408K [0x00000000eee00000, 0x00000000f7600000, 0x0000000100000000)
  eden space 103424K, 90% used [0x00000000eee00000,0x00000000f49820e0,0x00000000f5300000)
  from space 8704K, 99% used [0x00000000f6d80000,0x00000000f75fff30,0x00000000f7600000)
  to   space 8192K, 0% used [0x00000000f5300000,0x00000000f5300000,0x00000000f5b00000)
 ParOldGen       total 35328K, used 11420K [0x00000000cca00000, 0x00000000cec80000, 0x00000000eee00000)
  object space 35328K, 32% used [0x00000000cca00000,0x00000000cd5271f8,0x00000000cec80000)
 Metaspace       used 33354K, capacity 35397K, committed 35496K, reserved 1079296K
  class space    used 4300K, capacity 4677K, committed 4776K, reserved 1048576K
Event: 7.361 GC heap after
Heap after GC invocations=10 (full 1):
 PSYoungGen      total 111616K, used 8176K [0x00000000eee00000, 0x00000000f7600000, 0x0000000100000000)
  eden space 103424K, 0% used [0x00000000eee00000,0x00000000eee00000,0x00000000f5300000)
  from space 8192K, 99% used [0x00000000f5300000,0x00000000f5afc030,0x00000000f5b00000)
  to   space 8704K, 0% used [0x00000000f6d80000,0x00000000f6d80000,0x00000000f7600000)
 ParOldGen       total 35328K, used 13779K [0x00000000cca00000, 0x00000000cec80000, 0x00000000eee00000)
  object space 35328K, 39% used [0x00000000cca00000,0x00000000cd774ef8,0x00000000cec80000)
 Metaspace       used 33354K, capacity 35397K, committed 35496K, reserved 1079296K
  class space    used 4300K, capacity 4677K, committed 4776K, reserved 1048576K
}
Event: 7.361 GC heap before
{Heap before GC invocations=11 (full 2):
 PSYoungGen      total 111616K, used 8176K [0x00000000eee00000, 0x00000000f7600000, 0x0000000100000000)
  eden space 103424K, 0% used [0x00000000eee00000,0x00000000eee00000,0x00000000f5300000)
  from space 8192K, 99% used [0x00000000f5300000,0x00000000f5afc030,0x00000000f5b00000)
  to   space 8704K, 0% used [0x00000000f6d80000,0x00000000f6d80000,0x00000000f7600000)
 ParOldGen       total 35328K, used 13779K [0x00000000cca00000, 0x00000000cec80000, 0x00000000eee00000)
  object space 35328K, 39% used [0x00000000cca00000,0x00000000cd774ef8,0x00000000cec80000)
 Metaspace       used 33354K, capacity 35397K, committed 35496K, reserved 1079296K
  class space    used 4300K, capacity 4677K, committed 4776K, reserved 1048576K
Event: 7.448 GC heap after
Heap after GC invocations=11 (full 2):
 PSYoungGen      total 111616K, used 0K [0x00000000eee00000, 0x00000000f7600000, 0x0000000100000000)
  eden space 103424K, 0% used [0x00000000eee00000,0x00000000eee00000,0x00000000f5300000)
  from space 8192K, 0% used [0x00000000f5300000,0x00000000f5300000,0x00000000f5b00000)
  to   space 8704K, 0% used [0x00000000f6d80000,0x00000000f6d80000,0x00000000f7600000)
 ParOldGen       total 51200K, used 14703K [0x00000000cca00000, 0x00000000cfc00000, 0x00000000eee00000)
  object space 51200K, 28% used [0x00000000cca00000,0x00000000cd85bd48,0x00000000cfc00000)
 Metaspace       used 33354K, capacity 35397K, committed 35496K, reserved 1079296K
  class space    used 4300K, capacity 4677K, committed 4776K, reserved 1048576K
}

